# JRE version: OpenJDK Runtime Environment (11.0.15) (build 11.0.15+0-b2043.56-8887301)
# Java VM: OpenJDK 64-Bit Server VM (11.0.15+0-b2043.56-8887301, mixed mode, tiered, compressed oops, g1 gc, linux-amd64)
Heap:
 garbage-first heap   total 381952K, used 295424K [0x0000000080000000, 0x0000000100000000)
  region size 1024K, 30 young (30720K), 10 survivors (10240K)
 Metaspace       used 119116K, capacity 122690K, committed 122792K, reserved 1155072K
  class space    used 15157K, capacity 16416K, committed 16460K, reserved 1048576K
GC Heap History (20 events):
Event: 6.010 GC heap before
{Heap before GC invocations=11 (full 0):
 garbage-first heap   total 229376K, used 141348K [0x0000000080000000, 0x0000000100000000)
  region size 1024K, 107 young (109568K), 11 survivors (11264K)
 Metaspace       used 57476K, capacity 59190K, committed 59420K, reserved 1101824K
  class space    used 7320K, capacity 7963K, committed 8064K, reserved 1048576K
}
Event: 6.029 GC heap after
{Heap after GC invocations=12 (full 0):
 garbage-first heap   total 295936K, used 53248K [0x0000000080000000, 0x0000000100000000)
  region size 1024K, 14 young (14336K), 14 survivors (14336K)
 Metaspace       used 57476K, capacity 59190K, committed 59420K, reserved 1101824K
  class space    used 7320K, capacity 7963K, committed 8064K, reserved 1048576K
}
Event: 7.872 GC heap before
{Heap before GC invocations=12 (full 0):
 garbage-first heap   total 295936K, used 209920K [0x0000000080000000, 0x0000000100000000)
  region size 1024K, 159 young (162816K), 14 survivors (14336K)
 Metaspace       used 68195K, capacity 70079K, committed 70428K, reserved 1110016K
  class space    used 8628K, capacity 9299K, committed 9344K, reserved 1048576K
}
Event: 7.902 GC heap after
{Heap after GC invocations=13 (full 0):
 garbage-first heap   total 295936K, used 66433K [0x0000000080000000, 0x0000000100000000)
  region size 1024K, 12 young (12288K), 12 survivors (12288K)
 Metaspace       used 68195K, capacity 70079K, committed 70428K, reserved 1110016K
  class space    used 8628K, capacity 9299K, committed 9344K, reserved 1048576K
}
Event: 8.276 GC heap before
{Heap before GC invocations=13 (full 0):
 garbage-first heap   total 295936K, used 92033K [0x0000000080000000, 0x0000000100000000)
  region size 1024K, 38 young (38912K), 12 survivors (12288K)
 Metaspace       used 70128K, capacity 71940K, committed 72156K, reserved 1112064K
  class space    used 8886K, capacity 9557K, committed 9600K, reserved 1048576K
}
Event: 8.300 GC heap after
{Heap after GC invocations=14 (full 0):
 garbage-first heap   total 295936K, used 68995K [0x0000000080000000, 0x0000000100000000)
  region size 1024K, 3 young (3072K), 3 survivors (3072K)
 Metaspace       used 70128K, capacity 71940K, committed 72156K, reserved 1112064K
  class space    used 8886K, capacity 9557K, committed 9600K, reserved 1048576K
}
Event: 10.402 GC heap before
{Heap before GC invocations=15 (full 0):
 garbage-first heap   total 295936K, used 214403K [0x0000000080000000, 0x0000000100000000)
  region size 1024K, 145 young (148480K), 3 survivors (3072K)
 Metaspace       used 84162K, capacity 86311K, committed 86696K, reserved 1124352K
  class space    used 10985K, capacity 11802K, committed 11852K, reserved 1048576K
}
Event: 10.426 GC heap after
{Heap after GC invocations=16 (full 0):
 garbage-first heap   total 295936K, used 77901K [0x0000000080000000, 0x0000000100000000)
  region size 1024K, 12 young (12288K), 12 survivors (12288K)
 Metaspace       used 84162K, capacity 86311K, committed 86696K, reserved 1124352K
  class space    used 10985K, capacity 11802K, committed 11852K, reserved 1048576K
}
Event: 11.891 GC heap before
{Heap before GC invocations=17 (full 0):
 garbage-first heap   total 295936K, used 220237K [0x0000000080000000, 0x0000000100000000)
  region size 1024K, 152 young (155648K), 12 survivors (12288K)
 Metaspace       used 87624K, capacity 90196K, committed 90408K, reserved 1128448K
  class space    used 11494K, capacity 12415K, committed 12492K, reserved 1048576K
}
Event: 11.923 GC heap after
{Heap after GC invocations=18 (full 0):
 garbage-first heap   total 355328K, used 93863K [0x0000000080000000, 0x0000000100000000)
  region size 1024K, 19 young (19456K), 19 survivors (19456K)
 Metaspace       used 87624K, capacity 90196K, committed 90408K, reserved 1128448K
  class space    used 11494K, capacity 12415K, committed 12492K, reserved 1048576K
}
Event: 13.481 GC heap before
{Heap before GC invocations=18 (full 0):
 garbage-first heap   total 355328K, used 254631K [0x0000000080000000, 0x0000000100000000)
  region size 1024K, 177 young (181248K), 19 survivors (19456K)
 Metaspace       used 90960K, capacity 93716K, committed 93864K, reserved 1130496K
  class space    used 11810K, capacity 12794K, committed 12876K, reserved 1048576K
}
Event: 13.551 GC heap after
{Heap after GC invocations=19 (full 0):
 garbage-first heap   total 355328K, used 106954K [0x0000000080000000, 0x0000000100000000)
  region size 1024K, 13 young (13312K), 13 survivors (13312K)
 Metaspace       used 90960K, capacity 93716K, committed 93864K, reserved 1130496K
  class space    used 11810K, capacity 12794K, committed 12876K, reserved 1048576K
}
Event: 16.024 GC heap before
{Heap before GC invocations=19 (full 0):
 garbage-first heap   total 355328K, used 268746K [0x0000000080000000, 0x0000000100000000)
  region size 1024K, 172 young (176128K), 13 survivors (13312K)
 Metaspace       used 97511K, capacity 100356K, committed 100776K, reserved 1136640K
  class space    used 12574K, capacity 13593K, committed 13644K, reserved 1048576K
}
Event: 16.052 GC heap after
{Heap after GC invocations=20 (full 0):
 garbage-first heap   total 355328K, used 116224K [0x0000000080000000, 0x0000000100000000)
  region size 1024K, 11 young (11264K), 11 survivors (11264K)
 Metaspace       used 97511K, capacity 100356K, committed 100776K, reserved 1136640K
  class space    used 12574K, capacity 13593K, committed 13644K, reserved 1048576K
}
Event: 25.446 GC heap before
{Heap before GC invocations=20 (full 0):
 garbage-first heap   total 355328K, used 279040K [0x0000000080000000, 0x0000000100000000)
  region size 1024K, 168 young (172032K), 11 survivors (11264K)
 Metaspace       used 112222K, capacity 115598K, committed 116008K, reserved 1150976K
  class space    used 14271K, capacity 15467K, committed 15564K, reserved 1048576K
}
Event: 25.472 GC heap after
{Heap after GC invocations=21 (full 0):
 garbage-first heap   total 355328K, used 140800K [0x0000000080000000, 0x0000000100000000)
  region size 1024K, 21 young (21504K), 21 survivors (21504K)
 Metaspace       used 112222K, capacity 115598K, committed 116008K, reserved 1150976K
  class space    used 14271K, capacity 15467K, committed 15564K, reserved 1048576K
}
Event: 26.471 GC heap before
{Heap before GC invocations=21 (full 0):
 garbage-first heap   total 355328K, used 273920K [0x0000000080000000, 0x0000000100000000)
  region size 1024K, 151 young (154624K), 21 survivors (21504K)
 Metaspace       used 117924K, capacity 121482K, committed 121640K, reserved 1155072K
  class space    used 15046K, capacity 16314K, committed 16332K, reserved 1048576K
}
Event: 26.545 GC heap after
{Heap after GC invocations=22 (full 0):
 garbage-first heap   total 381952K, used 226304K [0x0000000080000000, 0x0000000100000000)
  region size 1024K, 19 young (19456K), 19 survivors (19456K)
 Metaspace       used 117924K, capacity 121482K, committed 121640K, reserved 1155072K
  class space    used 15046K, capacity 16314K, committed 16332K, reserved 1048576K
}
Event: 26.759 GC heap before
{Heap before GC invocations=22 (full 0):
 garbage-first heap   total 381952K, used 285696K [0x0000000080000000, 0x0000000100000000)
  region size 1024K, 77 young (78848K), 19 survivors (19456K)
 Metaspace       used 118019K, capacity 121548K, committed 121640K, reserved 1155072K
  class space    used 15046K, capacity 16314K, committed 16332K, reserved 1048576K
}
Event: 26.801 GC heap after
{Heap after GC invocations=23 (full 0):
 garbage-first heap   total 381952K, used 276992K [0x0000000080000000, 0x0000000100000000)
  region size 1024K, 10 young (10240K), 10 survivors (10240K)
 Metaspace       used 118019K, capacity 121548K, committed 121640K, reserved 1155072K
  class space    used 15046K, capacity 16314K, committed 16332K, reserved 1048576K
}

